-------------------------------------------------------------------------------
Test set: com.gildedrose.GildedRoseTest
-------------------------------------------------------------------------------
Tests run: 1, Failures: 1, Errors: 0, Skipped: 0, Time elapsed: 0.03 s <<< FAILURE! - in com.gildedrose.GildedRoseTest
test  Time elapsed: 0.027 s  <<< FAILURE!
org.opentest4j.AssertionFailedError: Not yet implemented
	at com.gildedrose.GildedRoseTest.test(GildedRoseTest.java:11)

